Release 14.7 - xst P.20131013 (nt)
Copyright (c) 1995-2013 Xilinx, Inc.  All rights reserved.
--> Parameter TMPDIR set to xst/projnav.tmp


Total REAL time to Xst completion: 0.00 secs
Total CPU time to Xst completion: 0.11 secs
 
--> Parameter xsthdpdir set to xst


Total REAL time to Xst completion: 0.00 secs
Total CPU time to Xst completion: 0.11 secs
 
--> Reading design: BlockChecker.prj

TABLE OF CONTENTS
  1) Synthesis Options Summary
  2) HDL Parsing
  3) HDL Elaboration
  4) HDL Synthesis
       4.1) HDL Synthesis Report
  5) Advanced HDL Synthesis
       5.1) Advanced HDL Synthesis Report
  6) Low Level Synthesis
  7) Partition Report
  8) Design Summary
       8.1) Primitive and Black Box Usage
       8.2) Device utilization summary
       8.3) Partition Resource Summary
       8.4) Timing Report
            8.4.1) Clock Information
            8.4.2) Asynchronous Control Signals Information
            8.4.3) Timing Summary
            8.4.4) Timing Details
            8.4.5) Cross Clock Domains Report


=========================================================================
*                      Synthesis Options Summary                        *
=========================================================================
---- Source Parameters
Input File Name                    : "BlockChecker.prj"
Ignore Synthesis Constraint File   : NO

---- Target Parameters
Output File Name                   : "BlockChecker"
Output Format                      : NGC
Target Device                      : xc6slx100-2-fgg676

---- Source Options
Top Module Name                    : BlockChecker
Automatic FSM Extraction           : YES
FSM Encoding Algorithm             : Auto
Safe Implementation                : No
FSM Style                          : LUT
RAM Extraction                     : Yes
RAM Style                          : Auto
ROM Extraction                     : Yes
Shift Register Extraction          : YES
ROM Style                          : Auto
Resource Sharing                   : YES
Asynchronous To Synchronous        : NO
Shift Register Minimum Size        : 2
Use DSP Block                      : Auto
Automatic Register Balancing       : No

---- Target Options
LUT Combining                      : Auto
Reduce Control Sets                : Auto
Add IO Buffers                     : YES
Global Maximum Fanout              : 100000
Add Generic Clock Buffer(BUFG)     : 16
Register Duplication               : YES
Optimize Instantiated Primitives   : NO
Use Clock Enable                   : Auto
Use Synchronous Set                : Auto
Use Synchronous Reset              : Auto
Pack IO Registers into IOBs        : Auto
Equivalent register Removal        : YES

---- General Options
Optimization Goal                  : Speed
Optimization Effort                : 1
Power Reduction                    : NO
Keep Hierarchy                     : No
Netlist Hierarchy                  : As_Optimized
RTL Output                         : Yes
Global Optimization                : AllClockNets
Read Cores                         : YES
Write Timing Constraints           : NO
Cross Clock Analysis               : NO
Hierarchy Separator                : /
Bus Delimiter                      : <>
Case Specifier                     : Maintain
Slice Utilization Ratio            : 100
BRAM Utilization Ratio             : 100
DSP48 Utilization Ratio            : 100
Auto BRAM Packing                  : NO
Slice Utilization Ratio Delta      : 5

=========================================================================


=========================================================================
*                          HDL Parsing                                  *
=========================================================================
Analyzing Verilog file "C:\Users\17201\Desktop\CO\P1\BlockChecker\BlockChecker.v" into library work
Parsing module <BlockChecker>.

=========================================================================
*                            HDL Elaboration                            *
=========================================================================

Elaborating module <BlockChecker>.
WARNING:HDLCompiler:413 - "C:\Users\17201\Desktop\CO\P1\BlockChecker\BlockChecker.v" Line 187: Result of 32-bit expression is truncated to fit in 1-bit target.

=========================================================================
*                           HDL Synthesis                               *
=========================================================================

Synthesizing Unit <BlockChecker>.
    Related source file is "C:\Users\17201\Desktop\CO\P1\BlockChecker\BlockChecker.v".
    Found 32-bit register for signal <count>.
    Found 4-bit register for signal <state>.
    Found finite state machine <FSM_0> for signal <state>.
    -----------------------------------------------------------------------
    | States             | 10                                             |
    | Transitions        | 26                                             |
    | Inputs             | 15                                             |
    | Outputs            | 4                                              |
    | Clock              | clk (rising_edge)                              |
    | Reset              | reset (positive)                               |
    | Reset type         | asynchronous                                   |
    | Reset State        | 0000                                           |
    | Power Up State     | 0000                                           |
    | Encoding           | auto                                           |
    | Implementation     | LUT                                            |
    -----------------------------------------------------------------------
    Found 32-bit subtractor for signal <count[31]_GND_1_o_sub_44_OUT> created at line 177.
    Found 32-bit adder for signal <count[31]_GND_1_o_add_24_OUT> created at line 118.
    Summary:
	inferred   1 Adder/Subtractor(s).
	inferred  32 D-type flip-flop(s).
	inferred   1 Finite State Machine(s).
Unit <BlockChecker> synthesized.

=========================================================================
HDL Synthesis Report

Macro Statistics
# Adders/Subtractors                                   : 1
 32-bit addsub                                         : 1
# Registers                                            : 1
 32-bit register                                       : 1
# FSMs                                                 : 1

=========================================================================

=========================================================================
*                       Advanced HDL Synthesis                          *
=========================================================================


Synthesizing (advanced) Unit <BlockChecker>.
The following registers are absorbed into counter <count>: 1 register on signal <count>.
Unit <BlockChecker> synthesized (advanced).

=========================================================================
Advanced HDL Synthesis Report

Macro Statistics
# Counters                                             : 1
 32-bit updown counter                                 : 1
# FSMs                                                 : 1

=========================================================================

=========================================================================
*                         Low Level Synthesis                           *
=========================================================================
Analyzing FSM <MFsm> for best encoding.
Optimizing FSM <FSM_0> on signal <state[1:4]> with user encoding.
-------------------
 State | Encoding
-------------------
 0000  | 0000
 0001  | 0001
 0010  | 0010
 0011  | 0011
 0100  | 0100
 0101  | 0101
 0110  | 0110
 0111  | 0111
 1000  | 1000
 1001  | 1001
-------------------

Optimizing unit <BlockChecker> ...

Mapping all equations...
Building and optimizing final netlist ...
Found area constraint ratio of 100 (+ 5) on block BlockChecker, actual ratio is 0.
FlipFlop state_FSM_FFd1 has been replicated 3 time(s)

Final Macro Processing ...

=========================================================================
Final Register Report

Macro Statistics
# Registers                                            : 39
 Flip-Flops                                            : 39

=========================================================================

=========================================================================
*                           Partition Report                            *
=========================================================================

Partition Implementation Status
-------------------------------

  No Partitions were found in this design.

-------------------------------

=========================================================================
*                            Design Summary                             *
=========================================================================

Top Level Output File Name         : BlockChecker.ngc

Primitive and Black Box Usage:
------------------------------
# BELS                             : 151
#      INV                         : 1
#      LUT2                        : 34
#      LUT3                        : 25
#      LUT4                        : 2
#      LUT5                        : 12
#      LUT6                        : 14
#      MUXCY                       : 31
#      XORCY                       : 32
# FlipFlops/Latches                : 39
#      FDC                         : 7
#      FDCE                        : 32
# Clock Buffers                    : 1
#      BUFGP                       : 1
# IO Buffers                       : 10
#      IBUF                        : 9
#      OBUF                        : 1

Device utilization summary:
---------------------------

Selected Device : 6slx100fgg676-2 


Slice Logic Utilization: 
 Number of Slice Registers:              39  out of  126576     0%  
 Number of Slice LUTs:                   88  out of  63288     0%  
    Number used as Logic:                88  out of  63288     0%  

Slice Logic Distribution: 
 Number of LUT Flip Flop pairs used:     89
   Number with an unused Flip Flop:      50  out of     89    56%  
   Number with an unused LUT:             1  out of     89     1%  
   Number of fully used LUT-FF pairs:    38  out of     89    42%  
   Number of unique control sets:         3

IO Utilization: 
 Number of IOs:                          11
 Number of bonded IOBs:                  11  out of    480     2%  

Specific Feature Utilization:
 Number of BUFG/BUFGCTRLs:                1  out of     16     6%  

---------------------------
Partition Resource Summary:
---------------------------

  No Partitions were found in this design.

---------------------------


=========================================================================
Timing Report

NOTE: THESE TIMING NUMBERS ARE ONLY A SYNTHESIS ESTIMATE.
      FOR ACCURATE TIMING INFORMATION PLEASE REFER TO THE TRACE REPORT
      GENERATED AFTER PLACE-and-ROUTE.

Clock Information:
------------------
-----------------------------------+------------------------+-------+
Clock Signal                       | Clock buffer(FF name)  | Load  |
-----------------------------------+------------------------+-------+
clk                                | BUFGP                  | 39    |
-----------------------------------+------------------------+-------+

Asynchronous Control Signals Information:
----------------------------------------
No asynchronous control signals found in this design

Timing Summary:
---------------
Speed Grade: -2

   Minimum period: 3.644ns (Maximum Frequency: 274.405MHz)
   Minimum input arrival time before clock: 6.091ns
   Maximum output required time after clock: 6.984ns
   Maximum combinational path delay: No path found

Timing Details:
---------------
All values displayed in nanoseconds (ns)

=========================================================================
Timing constraint: Default period analysis for Clock 'clk'
  Clock period: 3.644ns (frequency: 274.405MHz)
  Total number of paths / destination ports: 1774 / 71
-------------------------------------------------------------------------
Delay:               3.644ns (Levels of Logic = 21)
  Source:            state_FSM_FFd1_2 (FF)
  Destination:       count_18 (FF)
  Source Clock:      clk rising
  Destination Clock: clk rising

  Data Path: state_FSM_FFd1_2 to count_18
                                Gate     Net
    Cell:in->out      fanout   Delay   Delay  Logical Name (Net Name)
    ----------------------------------------  ------------
     FDC:C->Q             11   0.525   1.039  state_FSM_FFd1_2 (state_FSM_FFd1_2)
     LUT2:I1->O            1   0.254   0.000  Mcount_count_lut<0> (Mcount_count_lut<0>)
     MUXCY:S->O            1   0.215   0.000  Mcount_count_cy<0> (Mcount_count_cy<0>)
     MUXCY:CI->O           1   0.023   0.000  Mcount_count_cy<1> (Mcount_count_cy<1>)
     MUXCY:CI->O           1   0.023   0.000  Mcount_count_cy<2> (Mcount_count_cy<2>)
     MUXCY:CI->O           1   0.023   0.000  Mcount_count_cy<3> (Mcount_count_cy<3>)
     MUXCY:CI->O           1   0.023   0.000  Mcount_count_cy<4> (Mcount_count_cy<4>)
     MUXCY:CI->O           1   0.023   0.000  Mcount_count_cy<5> (Mcount_count_cy<5>)
     MUXCY:CI->O           1   0.023   0.000  Mcount_count_cy<6> (Mcount_count_cy<6>)
     MUXCY:CI->O           1   0.023   0.000  Mcount_count_cy<7> (Mcount_count_cy<7>)
     MUXCY:CI->O           1   0.023   0.000  Mcount_count_cy<8> (Mcount_count_cy<8>)
     MUXCY:CI->O           1   0.023   0.000  Mcount_count_cy<9> (Mcount_count_cy<9>)
     MUXCY:CI->O           1   0.023   0.000  Mcount_count_cy<10> (Mcount_count_cy<10>)
     MUXCY:CI->O           1   0.023   0.000  Mcount_count_cy<11> (Mcount_count_cy<11>)
     MUXCY:CI->O           1   0.023   0.000  Mcount_count_cy<12> (Mcount_count_cy<12>)
     MUXCY:CI->O           1   0.023   0.000  Mcount_count_cy<13> (Mcount_count_cy<13>)
     MUXCY:CI->O           1   0.023   0.000  Mcount_count_cy<14> (Mcount_count_cy<14>)
     MUXCY:CI->O           1   0.023   0.000  Mcount_count_cy<15> (Mcount_count_cy<15>)
     MUXCY:CI->O           1   0.023   0.000  Mcount_count_cy<16> (Mcount_count_cy<16>)
     MUXCY:CI->O           1   0.023   0.000  Mcount_count_cy<17> (Mcount_count_cy<17>)
     XORCY:CI->O           1   0.206   0.682  Mcount_count_xor<18> (Result<18>)
     LUT3:I2->O            1   0.254   0.000  count_18_dpot (count_18_dpot)
     FDCE:D                    0.074          count_18
    ----------------------------------------
    Total                      3.644ns (1.923ns logic, 1.721ns route)
                                       (52.8% logic, 47.2% route)

=========================================================================
Timing constraint: Default OFFSET IN BEFORE for Clock 'clk'
  Total number of paths / destination ports: 395 / 78
-------------------------------------------------------------------------
Offset:              6.091ns (Levels of Logic = 4)
  Source:            in<3> (PAD)
  Destination:       count_9 (FF)
  Destination Clock: clk rising

  Data Path: in<3> to count_9
                                Gate     Net
    Cell:in->out      fanout   Delay   Delay  Logical Name (Net Name)
    ----------------------------------------  ------------
     IBUF:I->O             9   1.328   1.406  in_3_IBUF (in_3_IBUF)
     LUT5:I0->O            2   0.254   1.156  _n0119_inv_SW0 (N01)
     LUT5:I0->O           19   0.254   1.369  _n0119_inv_rstpot (_n0119_inv_rstpot)
     LUT3:I1->O            1   0.250   0.000  count_9_dpot (count_9_dpot)
     FDCE:D                    0.074          count_9
    ----------------------------------------
    Total                      6.091ns (2.160ns logic, 3.931ns route)
                                       (35.5% logic, 64.5% route)

=========================================================================
Timing constraint: Default OFFSET OUT AFTER for Clock 'clk'
  Total number of paths / destination ports: 32 / 1
-------------------------------------------------------------------------
Offset:              6.984ns (Levels of Logic = 3)
  Source:            count_13 (FF)
  Destination:       result (PAD)
  Source Clock:      clk rising

  Data Path: count_13 to result
                                Gate     Net
    Cell:in->out      fanout   Delay   Delay  Logical Name (Net Name)
    ----------------------------------------  ------------
     FDCE:C->Q             3   0.525   1.221  count_13 (count_13)
     LUT6:I0->O            1   0.254   1.137  count[31]_GND_1_o_equal_52_o<31>1 (count[31]_GND_1_o_equal_52_o<31>)
     LUT6:I0->O            1   0.254   0.681  count[31]_GND_1_o_equal_52_o<31>7 (result_OBUF)
     OBUF:I->O                 2.912          result_OBUF (result)
    ----------------------------------------
    Total                      6.984ns (3.945ns logic, 3.039ns route)
                                       (56.5% logic, 43.5% route)

=========================================================================

Cross Clock Domains Report:
--------------------------

Clock to Setup on destination clock clk
---------------+---------+---------+---------+---------+
               | Src:Rise| Src:Fall| Src:Rise| Src:Fall|
Source Clock   |Dest:Rise|Dest:Rise|Dest:Fall|Dest:Fall|
---------------+---------+---------+---------+---------+
clk            |    3.644|         |         |         |
---------------+---------+---------+---------+---------+

=========================================================================


Total REAL time to Xst completion: 5.00 secs
Total CPU time to Xst completion: 5.96 secs
 
--> 

Total memory usage is 248592 kilobytes

Number of errors   :    0 (   0 filtered)
Number of warnings :    1 (   0 filtered)
Number of infos    :    0 (   0 filtered)

