Running: C:\Xilinx\14.7\ISE_DS\ISE\bin\nt\unwrapped\fuse.exe -intstyle ise -incremental -lib unisims_ver -lib unimacro_ver -lib xilinxcorelib_ver -lib secureip -o C:/Users/17201/Desktop/CO/P1/expr/exprtest_isim_beh.exe -prj C:/Users/17201/Desktop/CO/P1/expr/exprtest_beh.prj work.exprtest work.glbl 
ISim P.20131013 (signature 0x8ef4fb42)
Number of CPUs detected in this system: 8
Turning on mult-threading, number of parallel sub-compilation jobs: 16 
Determining compilation order of HDL files
Analyzing Verilog file "C:/Users/17201/Desktop/CO/P1/expr/expr.v" into library work
Analyzing Verilog file "C:/Users/17201/Desktop/CO/P1/expr/exprtest.v" into library work
Analyzing Verilog file "C:/Xilinx/14.7/ISE_DS/ISE//verilog/src/glbl.v" into library work
Starting static elaboration
Completed static elaboration
Fuse Memory Usage: 168208 KB
Fuse CPU Usage: 406 ms
Compiling module expr
Compiling module exprtest
Compiling module glbl
Time Resolution for simulation is 1ps.
Compiled 3 Verilog Units
Built simulation executable C:/Users/17201/Desktop/CO/P1/expr/exprtest_isim_beh.exe
Fuse Memory Usage: 181728 KB
Fuse CPU Usage: 687 ms
