--------------------------------------------------------------------------------
Release 14.7 Trace  (nt)
Copyright (c) 1995-2013 Xilinx, Inc.  All rights reserved.

C:\Xilinx\14.7\ISE_DS\ISE\bin\nt\unwrapped\trce.exe -intstyle ise -v 3 -s 2 -n
3 -fastpaths -xml ALU.twx ALU.ncd -o ALU.twr ALU.pcf

Design file:              ALU.ncd
Physical constraint file: ALU.pcf
Device,package,speed:     xc6slx100,fgg676,C,-2 (PRODUCTION 1.23 2013-10-13)
Report level:             verbose report

Environment Variable      Effect 
--------------------      ------ 
NONE                      No environment variables were set
--------------------------------------------------------------------------------

INFO:Timing:2698 - No timing constraints found, doing default enumeration.
INFO:Timing:3412 - To improve timing, see the Timing Closure User Guide (UG612).
INFO:Timing:2752 - To get complete path coverage, use the unconstrained paths 
   option. All paths that are not constrained will be reported in the 
   unconstrained paths section(s) of the report.
INFO:Timing:3339 - The clock-to-out numbers in this timing report are based on 
   a 50 Ohm transmission line loading model.  For the details of this model, 
   and for more information on accounting for different loading conditions, 
   please see the device datasheet.



Data Sheet report:
-----------------
All values displayed in nanoseconds (ns)

Pad to Pad
---------------+---------------+---------+
Source Pad     |Destination Pad|  Delay  |
---------------+---------------+---------+
inA<0>         |ans<0>         |    8.788|
inA<0>         |ans<1>         |    8.482|
inA<0>         |ans<2>         |    9.583|
inA<0>         |ans<3>         |    9.251|
inA<1>         |ans<1>         |    8.493|
inA<1>         |ans<2>         |    9.039|
inA<1>         |ans<3>         |    9.022|
inA<2>         |ans<2>         |    8.728|
inA<2>         |ans<3>         |    8.978|
inA<3>         |ans<3>         |    8.039|
inB<0>         |ans<0>         |    9.817|
inB<0>         |ans<1>         |    9.290|
inB<0>         |ans<2>         |   10.612|
inB<0>         |ans<3>         |    9.439|
inB<1>         |ans<1>         |    9.128|
inB<1>         |ans<2>         |    9.254|
inB<1>         |ans<3>         |    9.535|
inB<2>         |ans<2>         |    9.934|
inB<2>         |ans<3>         |    9.569|
inB<3>         |ans<3>         |    8.985|
op<0>          |ans<0>         |    9.757|
op<0>          |ans<1>         |    9.692|
op<0>          |ans<2>         |    9.576|
op<0>          |ans<3>         |    9.423|
op<1>          |ans<0>         |    9.340|
op<1>          |ans<1>         |    9.180|
op<1>          |ans<2>         |    9.111|
op<1>          |ans<3>         |    8.999|
---------------+---------------+---------+


Analysis completed Thu Oct 06 22:36:20 2022 
--------------------------------------------------------------------------------

Trace Settings:
-------------------------
Trace Settings 

Peak Memory Usage: 274 MB



