ISim log file
Running: C:\Users\17201\Desktop\CO\P5\mips\mipstest_isim_beh.exe -intstyle ise -gui -tclbatch isim.cmd -wdb C:/Users/17201/Desktop/CO/P5/mips/mipstest_isim_beh.wdb 
ISim P.20131013 (signature 0x8ef4fb42)
This is a Full version of ISim.
Time resolution is 1 ps
# onerror resume
# wave add /
# run 1000 ns
Simulator is doing circuit initialization process.
Finished circuit initialization process.
                  45@00003000: $ 8 <= 1b740000
                  55@00003004: $ 8 <= 1b7474f2
                  65@00003008: $ 9 <= 78e90000
                  75@0000300c: $ 9 <= 78e99ec8
                  85@00003010: $10 <= 7cc80000
                  95@00003014: $10 <= 7cc89407
                 105@00003018: $11 <= fee00000
                 115@0000301c: $11 <= fee01564
                 125@00003020: $12 <= 80ea0000
                 135@00003024: $12 <= 80eaa5e7
                 145@00003028: $13 <= 1ec40000
                 155@0000302c: $13 <= 1ec43f1a
                 165@00003030: $14 <= 16890000
                 175@00003034: $14 <= 168986a9
                 185@00003038: $15 <= eaf20000
                 195@0000303c: $15 <= eaf25260
                 205@00003040: $16 <= e0c80000
                 215@00003044: $16 <= e0c82ff2
                 225@00003048: $17 <= 56ed0000
                 235@0000304c: $17 <= 56ed1995
                 245@00003050: $18 <= 73280000
                 255@00003054: $18 <= 73289782
                 265@00003058: $19 <= e6150000
                 275@0000305c: $19 <= e6152dfe
                 285@00003060: $20 <= f3450000
                 295@00003064: $20 <= f3458835
                 305@00003068: $21 <= cc610000
                 315@0000306c: $21 <= cc61ac35
                 325@00003070: $22 <= b1810000
                 335@00003074: $22 <= b18125ee
                 345@00003078: $23 <= 87270000
                 355@0000307c: $23 <= 87279551
                 365@00003080: $24 <= a2d40000
                 375@00003084: $24 <= a2d46585
                 385@00003088: $25 <= a18e0000
                 395@0000308c: $25 <= a18e5793
                 405@00003090: $26 <= c13f0000
                 415@00003094: $26 <= c13f96ad
                 425@00003098: $27 <= 5f850000
                 435@0000309c: $27 <= 5f85540b
                 445@000030a0: $13 <= 8e790000
                 455@000030a4: $17 <= 28dd0000
                 465@000030a8: $19 <= e5993dbe
                 475@000030ac: $14 <= 78e99ed8
                 485@000030b0: $14 <= 1b74fcff
                 495@000030b4: $16 <= 7328b782
                 505@000030b8: $12 <= 6caf9ef6
                 515@000030bc: $25 <= 6caffeff
                 525@000030c0: $10 <= 7cc8bf07
                 535@000030c4: $15 <= 341817d0
                 545@000030c8: $12 <= c5e10000
                 555@000030cc: $27 <= 2a59909d
                 565@000030d0: $21 <= f345abb5
                 575@000030d4: $20 <= df8e0000
                 585@000030d8: $18 <= 872795db
                 595@000030dc: $24 <= d7d0aeb6
                 605@000030e0: $27 <= e4795322
                 615@000030e4: $24 <= 78e9deca
                 625@000030e8: $13 <= dea10000
                 635@000030ec: $12 <= 28dd3434
                 645@000030f0: $ 8 <= 6e990000
                 655@000030f4: $ 8 <= 6e99d4c0
                 665@000030f8: $ 9 <= 26ab0000
                 675@000030fc: $ 9 <= 26abf5d2
                 685@00003100: $10 <= 31460000
                 695@00003104: $10 <= 31462cae
                 705@00003108: $11 <= 159f0000
                 715@0000310c: $11 <= 159f0327
                 725@00003110: $12 <= 4c050000
                 735@00003114: $12 <= 4c058dc4
                 745@00003118: $13 <= a5b00000
                 755@0000311c: $13 <= a5b031f1
                 765@00003120: $14 <= e3a80000
                 775@00003124: $14 <= e3a84a41
                 785@00003128: $15 <= 4a5e0000
                 795@0000312c: $15 <= 4a5e1d8a
                 805@00003130: $16 <= 4d640000
                 815@00003134: $16 <= 4d64f5de
                 825@00003138: $17 <= 96970000
                 835@0000313c: $17 <= 9697dfe4
                 845@00003140: $18 <= 2b100000
                 855@00003144: $18 <= 2b10dff2
                 865@00003148: $19 <= 4f040000
                 875@0000314c: $19 <= 4f047257
                 885@00003150: $20 <= cffa0000
                 895@00003154: $20 <= cffa51a5
                 905@00003158: $21 <= 7f9e0000
                 915@0000315c: $21 <= 7f9ea44b
                 925@00003160: $22 <= f5b20000
                 935@00003164: $22 <= f5b21d30
                 945@00003168: $23 <= 6e6b0000
                 955@0000316c: $23 <= 6e6b17ce
                 965@00003170: $24 <= aaf60000
                 975@00003174: $24 <= aaf65d16
                 985@00003178: $25 <= 087a0000
                 995@0000317c: $25 <= 087ae14b
# run all
                1005@00003180: $26 <= 426a0000
                1015@00003184: $26 <= 426a8360
                1025@00003188: $27 <= bf690000
                1035@0000318c: $27 <= bf6983e5
                1045@00003190: $22 <= 3e280000
                1055@00003194: $22 <= 3e28690e
                1055@00003198: *00000000 <= 3e28690e
                1075@0000319c: $12 <= 3bc60000
                1085@000031a0: $12 <= 3bc6ec1c
                1085@000031a4: *00000004 <= 3bc6ec1c
                1105@000031a8: $ 8 <= a87b0000
                1115@000031ac: $ 8 <= a87b05a1
                1115@000031b0: *00000008 <= a87b05a1
                1135@000031b4: $12 <= edb80000
                1145@000031b8: $12 <= edb84e28
                1145@000031bc: *0000000c <= edb84e28
                1165@000031c0: $16 <= 241d0000
                1175@000031c4: $16 <= 241d663e
                1175@000031c8: *00000010 <= 241d663e
                1195@000031cc: $20 <= 34110000
                1205@000031d0: $20 <= 34113e8b
                1205@000031d4: *00000014 <= 34113e8b
                1225@000031d8: $ 9 <= e9e10000
                1235@000031dc: $ 9 <= e9e163f3
                1235@000031e0: *00000018 <= e9e163f3
                1255@000031e4: $11 <= f1aa0000
                1265@000031e8: $11 <= f1aaae4d
                1265@000031ec: *0000001c <= f1aaae4d
                1285@000031f0: $22 <= 4ded0000
                1295@000031f4: $22 <= 4ded5f6a
                1295@000031f8: *00000020 <= 4ded5f6a
                1315@000031fc: $14 <= 58950000
                1325@00003200: $14 <= 5895cac5
                1325@00003204: *00000024 <= 5895cac5
                1345@00003208: $15 <= 89b60000
                1355@0000320c: $15 <= 89b6da1b
                1355@00003210: *00000028 <= 89b6da1b
                1375@00003214: $19 <= 6e410000
                1385@00003218: $19 <= 6e418648
                1385@0000321c: *0000002c <= 6e418648
                1405@00003220: $12 <= 874c0000
                1415@00003224: $12 <= 874c3aca
                1415@00003228: *00000030 <= 874c3aca
                1435@0000322c: $19 <= fdf10000
                1445@00003230: $19 <= fdf164cb
                1445@00003234: *00000034 <= fdf164cb
                1465@00003238: $16 <= 94dd0000
                1475@0000323c: $16 <= 94ddad84
                1475@00003240: *00000038 <= 94ddad84
                1495@00003244: $ 8 <= 55060000
                1505@00003248: $ 8 <= 5506184e
                1505@0000324c: *0000003c <= 5506184e
                1525@00003250: $ 8 <= 5f560000
                1535@00003254: $ 8 <= 5f56a2f6
                1545@00003258: $ 9 <= b4de0000
                1555@0000325c: $ 9 <= b4de8bd9
                1565@00003260: $10 <= 467a0000
                1575@00003264: $10 <= 467af92e
                1585@00003268: $11 <= 97430000
                1595@0000326c: $11 <= 97435f46
                1605@00003270: $12 <= 2e4a0000
                1615@00003274: $12 <= 2e4a452c
                1625@00003278: $13 <= 3fed0000
                1635@0000327c: $13 <= 3fed9156
                1645@00003280: $14 <= beba0000
                1655@00003284: $14 <= beba1601
                1665@00003288: $15 <= 3b520000
                1675@0000328c: $15 <= 3b52a32e
                1685@00003290: $16 <= 2cfb0000
                1695@00003294: $16 <= 2cfbb511
                1705@00003298: $17 <= 42270000
                1715@0000329c: $17 <= 42276394
                1725@000032a0: $18 <= 7f850000
                1735@000032a4: $18 <= 7f85bd75
                1745@000032a8: $19 <= d4470000
                1755@000032ac: $19 <= d447985a
                1765@000032b0: $20 <= ae4a0000
                1775@000032b4: $20 <= ae4a8095
                1785@000032b8: $21 <= cb870000
                1795@000032bc: $21 <= cb873689
                1805@000032c0: $22 <= 018f0000
                1815@000032c4: $22 <= 018fdfc1
                1825@000032c8: $23 <= 08270000
                1835@000032cc: $23 <= 0827c1da
                1845@000032d0: $24 <= 91480000
                1855@000032d4: $24 <= 9148294e
                1865@000032d8: $25 <= c5160000
                1875@000032dc: $25 <= c516b748
                1885@000032e0: $26 <= ecf30000
                1895@000032e4: $26 <= ecf35235
                1905@000032e8: $27 <= 47220000
                1915@000032ec: $27 <= 47225b51
                1925@000032f0: $ 9 <= ca200000
                1935@000032f4: $ 9 <= ca200474
                1935@000032f8: *00000000 <= ca200474
                1955@000032fc: $27 <= e59b0000
                1965@00003300: $27 <= e59bfd4d
                1965@00003304: *00000004 <= e59bfd4d
                1985@00003308: $21 <= 31b10000
                1995@0000330c: $21 <= 31b181a6
                1995@00003310: *00000008 <= 31b181a6
                2015@00003314: $18 <= adc90000
                2025@00003318: $18 <= adc9ce5e
                2025@0000331c: *0000000c <= adc9ce5e
                2045@00003320: $20 <= adf90000
                2055@00003324: $20 <= adf9f126
                2055@00003328: *00000010 <= adf9f126
                2075@0000332c: $13 <= bdae0000
                2085@00003330: $13 <= bdae56d1
                2085@00003334: *00000014 <= bdae56d1
                2105@00003338: $26 <= 39860000
                2115@0000333c: $26 <= 39865fb0
                2115@00003340: *00000018 <= 39865fb0
                2135@00003344: $ 8 <= f37b0000
                2145@00003348: $ 8 <= f37b77bc
                2145@0000334c: *0000001c <= f37b77bc
                2165@00003350: $22 <= 938c0000
                2175@00003354: $22 <= 938c2c3a
                2175@00003358: *00000020 <= 938c2c3a
                2195@0000335c: $13 <= bf900000
                2205@00003360: $13 <= bf90c9ea
                2205@00003364: *00000024 <= bf90c9ea
                2225@00003368: $13 <= c7ac0000
                2235@0000336c: $13 <= c7ace416
                2235@00003370: *00000028 <= c7ace416
                2255@00003374: $21 <= 54650000
                2265@00003378: $21 <= 54658f58
                2265@0000337c: *0000002c <= 54658f58
                2285@00003380: $23 <= 0ad60000
                2295@00003384: $23 <= 0ad66c76
                2295@00003388: *00000030 <= 0ad66c76
                2315@0000338c: $11 <= 84cb0000
                2325@00003390: $11 <= 84cb7af7
                2325@00003394: *00000034 <= 84cb7af7
                2345@00003398: $13 <= d9180000
                2355@0000339c: $13 <= d918651a
                2355@000033a0: *00000038 <= d918651a
                2375@000033a4: $10 <= 6f510000
                2385@000033a8: $10 <= 6f5187c7
                2385@000033ac: *0000003c <= 6f5187c7
                2405@000033b0: $23 <= 39865fb0
                2415@000033b4: $16 <= f37b77bc
                2415@000033b8: *0000000c <= adf9f126
                2425@000033bc: *00000010 <= 6f5187c7
                2435@000033c0: *00000038 <= adf9f126
                2455@000033c4: $20 <= c7ace416
                2455@000033c8: *0000001c <= 9148294e
                2475@000033cc: $12 <= 31b181a6
                2485@000033d0: $25 <= 54658f58
                2485@000033d4: *00000024 <= 42276394
                2495@000033d8: *00000034 <= 39865fb0
                2515@000033dc: $15 <= 6f5187c7
                2515@000033e0: *0000001c <= 84cb7af7
                2525@000033e4: *00000000 <= 6f5187c7
                2545@000033e8: $25 <= 31b181a6
                2555@000033ec: $22 <= bdae56d1
                2555@000033f0: *00000028 <= d447985a
                2575@000033f4: $15 <= 6f5187c7
                2585@000033f8: $22 <= 31b181a6
                2595@000033fc: $17 <= 84cb7af7
                2605@00003400: $ 8 <= 0ffc0000
                2615@00003404: $ 8 <= 0ffcb6d2
                2625@00003408: $ 9 <= 61450000
                2635@0000340c: $ 9 <= 6145020e
                2645@00003410: $10 <= e66d0000
                2655@00003414: $10 <= e66d6d3b
                2665@00003418: $11 <= 941a0000
                2675@0000341c: $11 <= 941a5df2
                2685@00003420: $12 <= a3170000
                2695@00003424: $12 <= a317b013
                2705@00003428: $13 <= 4ef90000
                2715@0000342c: $13 <= 4ef9fb1b
                2725@00003430: $14 <= 61c60000
                2735@00003434: $14 <= 61c6a973
                2745@00003438: $15 <= ea2a0000
                2755@0000343c: $15 <= ea2a4370
                2765@00003440: $16 <= 6a760000
                2775@00003444: $16 <= 6a7692a1
                2785@00003448: $17 <= 4da20000
                2795@0000344c: $17 <= 4da2d462
                2805@00003450: $18 <= 6bae0000
                2815@00003454: $18 <= 6baec20a
                2825@00003458: $19 <= c2f70000
                2835@0000345c: $19 <= c2f71cb8
                2845@00003460: $20 <= 8de90000
                2855@00003464: $20 <= 8de9c2ce
                2865@00003468: $21 <= a9e70000
                2875@0000346c: $21 <= a9e726e1
                2885@00003470: $22 <= d1920000
                2895@00003474: $22 <= d1921974
                2905@00003478: $23 <= dcaf0000
                2915@0000347c: $23 <= dcafb703
                2925@00003480: $24 <= fe0c0000
                2935@00003484: $24 <= fe0c69e8
                2945@00003488: $25 <= 2d760000
                2955@0000348c: $25 <= 2d763df2
                2965@00003490: $26 <= eee20000
                2975@00003494: $26 <= eee29ae9
                2985@00003498: $27 <= a9d50000
                2995@0000349c: $27 <= a9d5a917
                3005@000034a0: $18 <= eee29ae9
                3035@000034a8: $26 <= 00000001
                3045@000034b8: $26 <= 00000002
                3055@000034bc: $26 <= 00000004
                3065@000034c0: $ 9 <= f2980000
                3075@000034c4: $ 9 <= 0000ee63
                3085@000034c8: $23 <= f2980000
                3095@000034cc: $23 <= 0000ee63
                3125@000034d4: $ 9 <= 00000001
                3135@000034dc: $ 9 <= 00000002
                3145@000034e0: $ 9 <= 00000004
                3155@000034e4: $ 9 <= 00000008
                3165@000034e8: $ 9 <= 00000010
                3185@000034f0: $27 <= 00000001
                3195@000034f4: $27 <= 00000002
                3205@000034f8: $27 <= 00000004
                3215@000034fc: $27 <= 00000008
                3225@00003500: $27 <= 00000010
                3235@00003504: $27 <= 00000020
                3245@00003508: $19 <= 61c6a973
                3275@00003510: $14 <= 00000001
                3285@00003514: $14 <= 00000002
                3295@00003518: $14 <= 00000004
                3305@0000351c: $14 <= 00000008
                3315@00003520: $14 <= 00000010
                3325@00003524: $14 <= 00000020
                3345@0000352c: $22 <= 00000001
                3355@00003530: $22 <= 00000002
                3365@00003534: $22 <= 00000004
                3375@00003538: $22 <= 00000008
                3385@0000353c: $22 <= 00000010
                3395@00003540: $22 <= 00000020
                3415@00003548: $23 <= 00000001
                3425@0000354c: $23 <= 00000002
                3435@00003550: $23 <= 00000004
                3445@00003554: $23 <= 00000008
                3455@00003558: $23 <= 00000010
                3465@0000355c: $23 <= 00000020
                3485@00003564: $21 <= 00000001
                3495@00003568: $21 <= 00000002
                3505@0000356c: $21 <= 00000004
                3515@00003570: $21 <= 00000008
                3525@00003574: $21 <= 00000010
                3535@00003578: $21 <= 00000020
                3565@00003580: $21 <= 00000001
                3575@00003584: $21 <= 00000002
                3585@00003588: $21 <= 00000004
                3595@0000358c: $21 <= 00000008
                3605@00003590: $21 <= 00000010
                3615@00003594: $21 <= 00000020
                3625@00003598: $18 <= 00000020
                3655@000035a0: $23 <= 00000001
                3665@000035b0: $23 <= 00000002
                3675@000035b4: $23 <= 00000004
                3685@000035b8: $15 <= dfe50000
                3695@000035bc: $15 <= 00000f39
                3705@000035c0: $26 <= dfe50000
                3715@000035c4: $26 <= 00000f39
                3745@000035cc: $15 <= 00000001
                3755@000035d4: $15 <= 00000002
                3765@000035d8: $15 <= 00000004
                3775@000035dc: $15 <= 00000008
                3785@000035e0: $15 <= 00000010
                3795@000035e4: $17 <= 00000020
                3825@000035ec: $14 <= 00000001
                3835@000035f8: $14 <= 00000002
                3845@000035fc: $14 <= 00000004
                3855@00003600: $14 <= 00000008
                3865@00003604: $11 <= ac710000
                3875@00003608: $11 <= 00003cb3
                3885@0000360c: $14 <= ac710000
                3895@00003610: $14 <= 00003cb3
                3925@00003618: $11 <= 00000001
                3935@00003628: $11 <= 00000002
                3945@0000362c: $11 <= 00000004
                3955@00003630: $13 <= 00003cb3
                3985@00003638: $14 <= 00000001
                3995@0000364c: $14 <= 00000002
                4015@00003654: $18 <= 00000001
                4025@00003658: $18 <= 00000002
                4035@0000365c: $18 <= 00000004
                4045@00003660: $18 <= 00000008
                4055@00003664: $18 <= 00000010
                4065@00003668: $18 <= 00000020
                4075@0000366c: $17 <= f9900000
                4085@00003670: $17 <= 00003668
                4095@00003674: $21 <= f9900000
                4105@00003678: $21 <= 00003668
                4135@00003680: $17 <= 00000001
                4145@00003688: $17 <= 00000002
                4155@0000368c: $17 <= 00000004
                4165@00003690: $17 <= 00000008
                4175@00003694: $17 <= 00000010
                4185@00003698: $27 <= a9b30000
                4195@0000369c: $27 <= 0000fc04
                4205@000036a0: $10 <= a9b30000
                4215@000036a4: $10 <= 0000fc04
                4245@000036ac: $27 <= 00000001
                4255@000036c0: $27 <= 00000002
                4265@000036c4: $17 <= 00003cb3
                4295@000036cc: $13 <= 00000001
                4305@000036e0: $13 <= 00000002
                4325@000036e8: $21 <= 00000001
                4335@000036ec: $21 <= 00000002
                4345@000036f0: $21 <= 00000004
                4355@000036f4: $21 <= 00000008
                4365@000036f8: $21 <= 00000010
                4375@000036fc: $21 <= 00000020
                4385@00003700: $14 <= eb700000
                4395@00003704: $14 <= 00002231
                4405@00003708: $20 <= eb700000
                4415@0000370c: $20 <= 00002231
                4445@00003714: $14 <= 00000001
                4455@00003720: $14 <= 00000002
                4465@00003724: $14 <= 00000004
                4475@00003728: $14 <= 00000008
                4495@00003730: $22 <= 00000001
                4505@0000373c: $22 <= 00000002
                4515@00003740: $22 <= 00000004
                4525@00003744: $22 <= 00000008
                4545@00003750: *00000000 <= 00000000
                4575@0000375c: *00000004 <= 00000000
                4605@00003768: *00000008 <= 00000000
                4635@00003774: *0000000c <= 00000000
                4665@00003780: *00000010 <= 00000000
                4695@0000378c: *00000014 <= 00000000
                4725@00003798: *00000018 <= 00000000
                4755@000037a4: *0000001c <= 00000000
                4785@000037b0: *00000020 <= 00000000
                4815@000037bc: *00000024 <= 00000000
                4845@000037c8: *00000028 <= 00000000
                4875@000037d4: *0000002c <= 00000000
                4905@000037e0: *00000030 <= 00000000
                4935@000037ec: *00000034 <= 00000000
                4965@000037f8: *00000038 <= 00000000
                4995@00003804: *0000003c <= 00000000
                5015@00003808: $31 <= 00003810
                5025@0000380c: $23 <= 8fc90000
                5035@00003818: $ 8 <= 1ff96da4
                5045@0000381c: $ 8 <= 3ff2db48
                5055@00003820: $ 8 <= 7fe5b690
                5065@00003824: $ 8 <= ffcb6d20
                5075@00003828: $16 <= 00000000
                5085@0000382c: $16 <= 00003844
                5115@00003834: $20 <= 00000f49
                5125@00003844: $26 <= 00001e72
                5135@00003848: $26 <= 00003ce4
                5145@0000384c: $26 <= 000079c8
                5155@00003850: $31 <= 00003858
                5175@00003864: $24 <= fc18d3d0
                5185@00003868: $24 <= f831a7a0
                5195@0000386c: $24 <= f0634f40
                5205@00003870: $ 8 <= 00000000
                5215@00003874: $ 8 <= 0000388c
                5245@0000387c: $12 <= 00000018
                5255@0000388c: $17 <= 00007966
                5265@00003890: $17 <= 0000f2cc
                5275@00003894: $17 <= 0001e598
                5285@00003898: $19 <= 00000000
                5295@0000389c: $19 <= 000038a8
                5325@000038a4: $14 <= 2d76b7ba
                5335@000038a8: $11 <= 00000001
                5345@000038ac: $11 <= 00000002
                5355@000038b0: $11 <= 00000004
                5365@000038b4: $11 <= 00000008
                5375@000038b8: $11 <= 00000010
                5385@000038bc: $11 <= 00000020
                5395@000038c0: $31 <= 000038c8
                5405@000038c4: $11 <= 07eb0000
                5415@000038d8: $24 <= e0c69e80
                5425@000038dc: $24 <= c18d3d00
                5435@000038e0: $31 <= 000038e8
                5445@000038e4: $25 <= 000070d0
                5455@000038f8: $12 <= 00000030
                5465@000038fc: $12 <= 00000060
                5475@00003900: $10 <= 00000000
                5485@00003904: $10 <= 00003910
                5515@0000390c: $17 <= 0000332c
                5525@00003910: $19 <= 00000001
                5535@00003914: $19 <= 00000002
                5545@00003918: $19 <= 00000004
                5555@0000391c: $19 <= 00000008
                5565@00003920: $19 <= 00000010
                5575@00003924: $19 <= 00000020
                5585@00003928: $31 <= 00003930
                5605@0000393c: $25 <= 0000e1a0
                5615@00003940: $25 <= 0001c340
                5625@00003944: $25 <= 00038680
                5635@00003948: $31 <= 00003950
                5645@0000394c: $22 <= 07eb0010
                5655@0000395c: $19 <= 00000040
                5665@00003960: $19 <= 00000080
                5675@00003964: $19 <= 00000100
                5685@00003968: $11 <= 00000000
                5695@0000396c: $11 <= 00003978
                5725@00003974: $22 <= 2d76b7bb
                5735@00003978: $17 <= 00000001
                5745@0000397c: $17 <= 00000002
                5755@00003980: $17 <= 00000004
                5765@00003984: $17 <= 00000008
                5775@00003988: $17 <= 00000010
                5785@0000398c: $17 <= 00000020
                5795@00003990: $14 <= 00000000
                5805@00003994: $14 <= 000039b0
                5835@0000399c: $16 <= 6e970000
                5845@000039b0: $18 <= 00000040
                5855@000039b4: $18 <= 00000080
                5865@000039b8: $26 <= 00000000
                5875@000039bc: $26 <= 000039d8
                5915@000039d8: $19 <= 00000200
                5925@000039dc: $19 <= 00000400
                5935@000039e0: $ 8 <= 00000000
                5945@000039e4: $ 8 <= 000039f8
                5975@000039ec: $12 <= c6f50000
                5985@000039f8: $23 <= 1f920000
                5995@000039fc: $23 <= 3f240000
                6005@00003a00: $23 <= 7e480000
                6015@00003a04: $23 <= fc900000
                6025@00003a08: $18 <= 00000000
                6035@00003a0c: $18 <= 00003a18
                6075@00003a18: $25 <= 00000001
                6085@00003a1c: $25 <= 00000002
                6095@00003a20: $25 <= 00000004
                6105@00003a24: $25 <= 00000008
                6115@00003a28: $25 <= 00000010
                6125@00003a2c: $25 <= 00000020
                6135@00003a30: $31 <= 00003a38
                6145@00003a34: $21 <= 62ff0000
                6155@00003a44: $15 <= 00000020
                6165@00003a48: $15 <= 00000040
                6175@00003a4c: $15 <= 00000080
                6185@00003a50: $31 <= 00003a58
                6195@00003a54: $25 <= 4dac0000
                6205@00003a5c: $14 <= 00007360
                6215@00003a60: $14 <= 0000e6c0
                6225@00003a64: $14 <= 0001cd80
                6235@00003a68: $14 <= 00039b00
                6245@00003a6c: $14 <= 00073600
                6255@00003a70: $31 <= 00003a78
                6265@00003a74: $15 <= 00000402
                6275@00003a88: $13 <= 00000004
                6285@00003a8c: $13 <= 00000008
                6295@00003a90: $31 <= 00003a98
                6305@00003a94: $10 <= 516e0000
                6315@00003aa0: $12 <= 8dea0000
                6325@00003aa4: $12 <= 1bd40000
                6335@00003aa8: $12 <= 37a80000
                6345@00003aac: $12 <= 6f500000
                6355@00003ab0: $ 9 <= 00000000
                6365@00003ab4: $ 9 <= 00003ad0
                6395@00003abc: $21 <= fc900f49
                6405@00003ad0: $25 <= 9b580000
                6415@00003ad4: $25 <= 36b00000
                6425@00003ad8: $31 <= 00003ae0
                6425@00003adc: *00000010 <= 00003ae0
                6445@00003ae0: $31 <= 0000000a
                6445@00003ae4: *0000003c <= 0000000a
                6465@00003ae8: $31 <= 0000000a
                6465@00003aec: *0000000c <= 0000000a
                6485@00003af0: $31 <= 00003af8
                6505@00003af4: $10 <= 6f503af8
                6515@00003af8: $31 <= 36b0dc87
                6525@00003afc: $14 <= a600dc87
                6535@00003b00: $31 <= 0000000a
                6555@00003b04: $ 8 <= 00003a02
                6565@00003b08: $31 <= 00003b10
                6585@00003b0c: $11 <= 00003f12
                6595@00003b10: $31 <= 6f50aa01
                6605@00003b14: $17 <= 6f50ae01
                6615@00003b18: $31 <= 00000000
                6635@00003b1c: $24 <= fc900f49
                6645@00003b20: $31 <= 00003b28
                6665@00003b24: $23 <= 03702bdf
                6675@00003b28: $31 <= a6000000
                6685@00003b2c: $24 <= 37690000
                6695@00003b30: $31 <= 00000000
                6715@00003b34: $12 <= 036ff0b7
                6725@00003b38: $31 <= ca5d0000
                6735@00003b3c: $24 <= 35a339d8
                6745@00003b40: $31 <= c75f51ff
                6755@00003b44: $15 <= a7f0e8f9
                6765@00003b48: $31 <= 00000000
                6785@00003b4c: $18 <= 000039d8
                6795@00003b50: $31 <= 00003b58
                6815@00003b54: $17 <= 00007b7c
                6825@00003b58: $31 <= 59ff2381
                6835@00003b5c: $23 <= 59fffbc5
                6845@00003b60: $31 <= 00000000
                6865@00003b64: $ 9 <= 000027f7
                6875@00003b68: $31 <= 24120000
                6875@00003b6c: *0000002c <= 24120000
                6895@00003b70: $31 <= 000079dc
                6895@00003b74: *00000024 <= 000079dc
                6915@00003b78: $31 <= 00000000
                6915@00003b7c: *0000000c <= 00000000
                6935@00003b80: $31 <= 00003b88
                6935@00003b84: *00000004 <= 00003b88
                6955@00003b88: $31 <= 000074ed
                6955@00003b8c: *00000028 <= 000074ed
                6975@00003b90: $31 <= 00000000
                6975@00003b94: *00000028 <= 00000000
                6995@00003b98: $31 <= 00003ba0
                7015@00003b9c: $14 <= 00006397
                7025@00003ba0: $31 <= a7f14c90
                7035@00003ba4: $11 <= a7f18ba2
                7045@00003ba8: $31 <= 00000000
                7065@00003bac: $27 <= 6f503af8
                7075@00003bb0: $31 <= 00003bb8
                7095@00003bb4: $19 <= 36b03bb8
                7105@00003bb8: $31 <= a7f0fffd
                7115@00003bbc: $17 <= a7f139d5
                7125@00003bc0: $31 <= 00000000
                7145@00003bc4: $20 <= 59fffbc5
                7155@00003bc8: $31 <= 26460000
                7165@00003bcc: $21 <= cc46043b
                7175@00003bd0: $31 <= 6f5074fa
                7185@00003bd4: $ 9 <= 6f504d03
                7195@00003bd8: $31 <= 00000000
                7215@00003bdc: $16 <= a600043b
                7225@00003be0: $31 <= 3d580000
                7235@00003be4: $10 <= c2a80008
                7245@00003be8: $31 <= 35a339fe
                7255@00003bec: $18 <= ca5cffda
                7265@00003bf0: $31 <= 00000000
                7285@00003bf4: $13 <= a7f0e8f9
                7295@00003bf8: $31 <= 00003c00
                7315@00003bfc: $17 <= 00003e53
                7325@00003c00: $31 <= 0000bfd3
                7335@00003c04: $19 <= 0000bffb
                7345@00003c08: $31 <= 000079dc
                7365@00003c0c: $13 <= 00007bdc
                7375@00003c10: $31 <= e1c90000
                7375@00003c14: *00000020 <= e1c90000
                7395@00003c18: $31 <= 0000c72e
                7395@00003c1c: *0000003c <= 0000c72e
                7415@00003c20: $31 <= 00000000
                7415@00003c24: *00000010 <= 00000000
                7435@00003c28: $31 <= 00003c30
                7435@00003c2c: *00000014 <= 00003c30
                7455@00003c30: $31 <= cc460fbf
                7455@00003c34: *0000003c <= cc460fbf
                7475@00003c38: $31 <= 000079dc
                7475@00003c3c: *00000024 <= 000079dc
                7495@00003c40: $31 <= 00003c48
                7515@00003c44: $19 <= 00009fdf
                7525@00003c48: $31 <= 705d0415
                7535@00003c4c: $14 <= 705da3f4
                7545@00003c50: $31 <= 24120000
                7565@00003c54: $19 <= ca12043b
                7575@00003c58: $31 <= 4dde0000
                7585@00003c5c: $23 <= 7b54b7bb
                7595@00003c60: $31 <= ca5cc5d8
                7605@00003c64: $13 <= ffffffb0
                7615@00003c68: $31 <= e1c90000
                7635@00003c6c: $18 <= abdb043b
                7645@00003c70: $31 <= 00003c78
                7665@00003c74: $22 <= 33ba383d
                7675@00003c78: $31 <= c2a81efc
                7685@00003c7c: $11 <= 1ab6935a
                7695@00003c80: $31 <= 00000000
                7715@00003c84: $ 8 <= 3d57fff8
                7725@00003c88: $31 <= 00003c90
                7745@00003c8c: $22 <= 6f501073
                7755@00003c90: $31 <= 705df3f6
                7765@00003c94: $ 9 <= 8fa24a5d
                7775@00003c98: $31 <= 00000000
                7795@00003c9c: $15 <= 59fffbc5
                7805@00003ca0: $31 <= 4d3d0000
                7815@00003ca4: $26 <= 4d3d6bd8
                7825@00003ca8: $31 <= 941fb5bf
                7835@00003cac: $23 <= 941fbdff
                7845@00003cb0: $31 <= 00000000
                7865@00003cb4: $10 <= 000025d5
                7875@00003cb8: $31 <= 75fc0000
                7875@00003cbc: *00000010 <= 75fc0000
                7895@00003cc0: $31 <= e1c90000
                7895@00003cc4: *0000000c <= e1c90000
                7915@00003cc8: $31 <= 00003c30
                7915@00003ccc: *0000002c <= 00003c30
                7935@00003cd0: $31 <= 00003cd8
                7935@00003cd4: *00000024 <= 00003cd8
                7955@00003cd8: $31 <= abdb677b
                7955@00003cdc: *00000020 <= abdb677b
                7975@00003ce0: $31 <= 00000000
                7975@00003ce4: *0000000c <= 00000000
                7995@00003ce8: $31 <= aa300000
                8005@00003cec: $ 8 <= 1a8da3f4
                8015@00003cf0: $31 <= 59ffffdd
                8025@00003cf4: $24 <= 26460418
                8035@00003cf8: $31 <= 00003c30
                8055@00003cfc: $27 <= 8fa2868d
                8065@00003d00: $31 <= 00003d08
                8085@00003d04: $13 <= 000062dd
                8095@00003d08: $31 <= aed65159
                8105@00003d0c: $20 <= b2464210
                8115@00003d10: $31 <= 00000000
                8135@00003d14: $12 <= abdb043b
                8145@00003d18: $31 <= b63c0000
                8155@00003d1c: $27 <= 103bfbc5
                8165@00003d20: $31 <= abdb24fb
                8175@00003d24: $16 <= 000020c0
                8185@00003d28: $31 <= 00003cd8
                8205@00003d2c: $ 9 <= 4db9fac8
                8215@00003d30: $31 <= ca7f0000
                8225@00003d34: $24 <= 6c310000
                8235@00003d38: $31 <= cd50381c
                8245@00003d3c: $10 <= 9ee0c7e4
                8255@00003d40: $31 <= 00003b88
                8275@00003d44: $15 <= ffffe538
                8285@00003d48: $31 <= 00003d50
                8305@00003d4c: $27 <= 00007ff4
                8315@00003d50: $31 <= 942020dc
                8325@00003d54: $19 <= 94202ddd
                8335@00003d58: $31 <= 00003cd8
                8355@00003d5c: $12 <= 00007cd8
                8365@00003d60: $31 <= 00003d68
                8365@00003d64: *0000003c <= 00003d68
                8385@00003d68: $31 <= 00007dd7
                8385@00003d6c: *00000038 <= 00007dd7
                8405@00003d70: $31 <= 00000000
                8405@00003d74: *0000003c <= 00000000
                8425@00003d78: $31 <= 00003d80
                8425@00003d7c: *00000024 <= 00003d80
                8445@00003d80: $31 <= 4d3d2d85
                8445@00003d84: *00000004 <= 4d3d2d85
                8465@00003d88: $31 <= 00000000
                8465@00003d8c: *0000001c <= 00000000
                8485@00003d90: $31 <= 0a270000
                8495@00003d94: $16 <= 40d70000
                8505@00003d98: $31 <= b246e776
                8515@00003d9c: $ 9 <= 5e21ebb1
                8525@00003da0: $31 <= 00007dd7
                8545@00003da4: $20 <= 9420abb4
                8555@00003da8: $31 <= fbc40000
                8565@00003dac: $14 <= fbc47cd8
                8575@00003db0: $31 <= 5e21fbff
                8585@00003db4: $10 <= 9ef8fbff
                8595@00003db8: $31 <= 00000000
                8615@00003dbc: $22 <= abdb043b
                8625@00003dc0: $31 <= 00003dc8
                8645@00003dc4: $14 <= e549aa6e
                8655@00003dc8: $31 <= ef1b8027
                8665@00003dcc: $10 <= 43407bec
                8675@00003dd0: $31 <= 00000000
                8695@00003dd4: $11 <= ffff9d23
                8705@00003dd8: $31 <= dc660000
                8715@00003ddc: $22 <= cf75043b
                8725@00003de0: $31 <= 941fffff
                8735@00003de4: $13 <= 17bb043c
                8745@00003de8: $31 <= 00000000
                8765@00003dec: $11 <= 1a8da3f4
                8775@00003df0: $31 <= 98190000
                8785@00003df4: $25 <= 9819cf04
                8795@00003df8: $31 <= 0000bfff
                8805@00003dfc: $15 <= 0000ffff
                8815@00003e00: $31 <= 00000000
                8835@00003e04: $13 <= 0000c3ab
                8845@00003e08: $31 <= de630000
                8845@00003e0c: *00000014 <= de630000
                8865@00003e10: $31 <= 941ebe00
                8865@00003e14: *00000030 <= 941ebe00
                8885@00003e18: $31 <= 00000000
                8885@00003e1c: *00000024 <= 00000000
Stopped at time : 76395965 ns : File "C:/Users/17201/Desktop/CO/P5/mips/EReg.v" Line 103
