Release 14.7 - xst P.20131013 (nt)
Copyright (c) 1995-2013 Xilinx, Inc.  All rights reserved.
--> Parameter TMPDIR set to xst/projnav.tmp


Total REAL time to Xst completion: 0.00 secs
Total CPU time to Xst completion: 0.67 secs
 
--> Parameter xsthdpdir set to xst


Total REAL time to Xst completion: 0.00 secs
Total CPU time to Xst completion: 0.67 secs
 
--> Reading design: code.prj

TABLE OF CONTENTS
  1) Synthesis Options Summary
  2) HDL Parsing
  3) HDL Elaboration
  4) HDL Synthesis
       4.1) HDL Synthesis Report
  5) Advanced HDL Synthesis
       5.1) Advanced HDL Synthesis Report
  6) Low Level Synthesis
  7) Partition Report
  8) Design Summary
       8.1) Primitive and Black Box Usage
       8.2) Device utilization summary
       8.3) Partition Resource Summary
       8.4) Timing Report
            8.4.1) Clock Information
            8.4.2) Asynchronous Control Signals Information
            8.4.3) Timing Summary
            8.4.4) Timing Details
            8.4.5) Cross Clock Domains Report


=========================================================================
*                      Synthesis Options Summary                        *
=========================================================================
---- Source Parameters
Input File Name                    : "code.prj"
Ignore Synthesis Constraint File   : NO

---- Target Parameters
Output File Name                   : "code"
Output Format                      : NGC
Target Device                      : xc6slx100-2-fgg676

---- Source Options
Top Module Name                    : code
Automatic FSM Extraction           : YES
FSM Encoding Algorithm             : Auto
Safe Implementation                : No
FSM Style                          : LUT
RAM Extraction                     : Yes
RAM Style                          : Auto
ROM Extraction                     : Yes
Shift Register Extraction          : YES
ROM Style                          : Auto
Resource Sharing                   : YES
Asynchronous To Synchronous        : NO
Shift Register Minimum Size        : 2
Use DSP Block                      : Auto
Automatic Register Balancing       : No

---- Target Options
LUT Combining                      : Auto
Reduce Control Sets                : Auto
Add IO Buffers                     : YES
Global Maximum Fanout              : 100000
Add Generic Clock Buffer(BUFG)     : 16
Register Duplication               : YES
Optimize Instantiated Primitives   : NO
Use Clock Enable                   : Auto
Use Synchronous Set                : Auto
Use Synchronous Reset              : Auto
Pack IO Registers into IOBs        : Auto
Equivalent register Removal        : YES

---- General Options
Optimization Goal                  : Speed
Optimization Effort                : 1
Power Reduction                    : NO
Keep Hierarchy                     : No
Netlist Hierarchy                  : As_Optimized
RTL Output                         : Yes
Global Optimization                : AllClockNets
Read Cores                         : YES
Write Timing Constraints           : NO
Cross Clock Analysis               : NO
Hierarchy Separator                : /
Bus Delimiter                      : <>
Case Specifier                     : Maintain
Slice Utilization Ratio            : 100
BRAM Utilization Ratio             : 100
DSP48 Utilization Ratio            : 100
Auto BRAM Packing                  : NO
Slice Utilization Ratio Delta      : 5

=========================================================================


=========================================================================
*                          HDL Parsing                                  *
=========================================================================
Analyzing Verilog file "C:\Users\17201\Desktop\CO\PRE\Verilog\counter\code.v" into library work
Parsing module <code>.

=========================================================================
*                            HDL Elaboration                            *
=========================================================================

Elaborating module <code>.

=========================================================================
*                           HDL Synthesis                               *
=========================================================================

Synthesizing Unit <code>.
    Related source file is "C:\Users\17201\Desktop\CO\PRE\Verilog\counter\code.v".
    Found 1-bit register for signal <t1>.
    Found 1-bit register for signal <t0>.
    Found 64-bit register for signal <Output0>.
    Found 64-bit register for signal <Output1>.
    Found 64-bit adder for signal <Output0[63]_GND_1_o_add_0_OUT> created at line 51.
    Found 64-bit adder for signal <Output1[63]_GND_1_o_add_1_OUT> created at line 54.
    Summary:
	inferred   2 Adder/Subtractor(s).
	inferred 130 D-type flip-flop(s).
Unit <code> synthesized.

=========================================================================
HDL Synthesis Report

Macro Statistics
# Adders/Subtractors                                   : 2
 64-bit adder                                          : 2
# Registers                                            : 4
 1-bit register                                        : 2
 64-bit register                                       : 2

=========================================================================

=========================================================================
*                       Advanced HDL Synthesis                          *
=========================================================================


Synthesizing (advanced) Unit <code>.
The following registers are absorbed into counter <Output0>: 1 register on signal <Output0>.
The following registers are absorbed into counter <Output1>: 1 register on signal <Output1>.
Unit <code> synthesized (advanced).

=========================================================================
Advanced HDL Synthesis Report

Macro Statistics
# Counters                                             : 2
 64-bit up counter                                     : 2
# Registers                                            : 2
 Flip-Flops                                            : 2

=========================================================================

=========================================================================
*                         Low Level Synthesis                           *
=========================================================================

Optimizing unit <code> ...

Mapping all equations...
Building and optimizing final netlist ...
Found area constraint ratio of 100 (+ 5) on block code, actual ratio is 0.
FlipFlop t1 has been replicated 2 time(s)

Final Macro Processing ...

=========================================================================
Final Register Report

Macro Statistics
# Registers                                            : 132
 Flip-Flops                                            : 132

=========================================================================

=========================================================================
*                           Partition Report                            *
=========================================================================

Partition Implementation Status
-------------------------------

  No Partitions were found in this design.

-------------------------------

=========================================================================
*                            Design Summary                             *
=========================================================================

Top Level Output File Name         : code.ngc

Primitive and Black Box Usage:
------------------------------
# BELS                             : 386
#      GND                         : 1
#      INV                         : 2
#      LUT1                        : 126
#      LUT2                        : 2
#      MUXCY                       : 126
#      VCC                         : 1
#      XORCY                       : 128
# FlipFlops/Latches                : 132
#      FDCE                        : 128
#      FDP                         : 4
# Clock Buffers                    : 1
#      BUFGP                       : 1
# IO Buffers                       : 131
#      IBUF                        : 3
#      OBUF                        : 128

Device utilization summary:
---------------------------

Selected Device : 6slx100fgg676-2 


Slice Logic Utilization: 
 Number of Slice Registers:             132  out of  126576     0%  
 Number of Slice LUTs:                  130  out of  63288     0%  
    Number used as Logic:               130  out of  63288     0%  

Slice Logic Distribution: 
 Number of LUT Flip Flop pairs used:    134
   Number with an unused Flip Flop:       2  out of    134     1%  
   Number with an unused LUT:             4  out of    134     2%  
   Number of fully used LUT-FF pairs:   128  out of    134    95%  
   Number of unique control sets:         5

IO Utilization: 
 Number of IOs:                         132
 Number of bonded IOBs:                 132  out of    480    27%  

Specific Feature Utilization:
 Number of BUFG/BUFGCTRLs:                1  out of     16     6%  

---------------------------
Partition Resource Summary:
---------------------------

  No Partitions were found in this design.

---------------------------


=========================================================================
Timing Report

NOTE: THESE TIMING NUMBERS ARE ONLY A SYNTHESIS ESTIMATE.
      FOR ACCURATE TIMING INFORMATION PLEASE REFER TO THE TRACE REPORT
      GENERATED AFTER PLACE-and-ROUTE.

Clock Information:
------------------
-----------------------------------+------------------------+-------+
Clock Signal                       | Clock buffer(FF name)  | Load  |
-----------------------------------+------------------------+-------+
Clk                                | BUFGP                  | 132   |
-----------------------------------+------------------------+-------+

Asynchronous Control Signals Information:
----------------------------------------
No asynchronous control signals found in this design

Timing Summary:
---------------
Speed Grade: -2

   Minimum period: 3.442ns (Maximum Frequency: 290.571MHz)
   Minimum input arrival time before clock: 4.643ns
   Maximum output required time after clock: 4.162ns
   Maximum combinational path delay: No path found

Timing Details:
---------------
All values displayed in nanoseconds (ns)

=========================================================================
Timing constraint: Default period analysis for Clock 'Clk'
  Clock period: 3.442ns (frequency: 290.571MHz)
  Total number of paths / destination ports: 4291 / 259
-------------------------------------------------------------------------
Delay:               3.442ns (Levels of Logic = 65)
  Source:            Output0_0 (FF)
  Destination:       Output0_63 (FF)
  Source Clock:      Clk rising
  Destination Clock: Clk rising

  Data Path: Output0_0 to Output0_63
                                Gate     Net
    Cell:in->out      fanout   Delay   Delay  Logical Name (Net Name)
    ----------------------------------------  ------------
     FDCE:C->Q             2   0.525   0.725  Output0_0 (Output0_0)
     INV:I->O              1   0.255   0.000  Mcount_Output0_lut<0>_INV_0 (Mcount_Output0_lut<0>)
     MUXCY:S->O            1   0.215   0.000  Mcount_Output0_cy<0> (Mcount_Output0_cy<0>)
     MUXCY:CI->O           1   0.023   0.000  Mcount_Output0_cy<1> (Mcount_Output0_cy<1>)
     MUXCY:CI->O           1   0.023   0.000  Mcount_Output0_cy<2> (Mcount_Output0_cy<2>)
     MUXCY:CI->O           1   0.023   0.000  Mcount_Output0_cy<3> (Mcount_Output0_cy<3>)
     MUXCY:CI->O           1   0.023   0.000  Mcount_Output0_cy<4> (Mcount_Output0_cy<4>)
     MUXCY:CI->O           1   0.023   0.000  Mcount_Output0_cy<5> (Mcount_Output0_cy<5>)
     MUXCY:CI->O           1   0.023   0.000  Mcount_Output0_cy<6> (Mcount_Output0_cy<6>)
     MUXCY:CI->O           1   0.023   0.000  Mcount_Output0_cy<7> (Mcount_Output0_cy<7>)
     MUXCY:CI->O           1   0.023   0.000  Mcount_Output0_cy<8> (Mcount_Output0_cy<8>)
     MUXCY:CI->O           1   0.023   0.000  Mcount_Output0_cy<9> (Mcount_Output0_cy<9>)
     MUXCY:CI->O           1   0.023   0.000  Mcount_Output0_cy<10> (Mcount_Output0_cy<10>)
     MUXCY:CI->O           1   0.023   0.000  Mcount_Output0_cy<11> (Mcount_Output0_cy<11>)
     MUXCY:CI->O           1   0.023   0.000  Mcount_Output0_cy<12> (Mcount_Output0_cy<12>)
     MUXCY:CI->O           1   0.023   0.000  Mcount_Output0_cy<13> (Mcount_Output0_cy<13>)
     MUXCY:CI->O           1   0.023   0.000  Mcount_Output0_cy<14> (Mcount_Output0_cy<14>)
     MUXCY:CI->O           1   0.023   0.000  Mcount_Output0_cy<15> (Mcount_Output0_cy<15>)
     MUXCY:CI->O           1   0.023   0.000  Mcount_Output0_cy<16> (Mcount_Output0_cy<16>)
     MUXCY:CI->O           1   0.023   0.000  Mcount_Output0_cy<17> (Mcount_Output0_cy<17>)
     MUXCY:CI->O           1   0.023   0.000  Mcount_Output0_cy<18> (Mcount_Output0_cy<18>)
     MUXCY:CI->O           1   0.023   0.000  Mcount_Output0_cy<19> (Mcount_Output0_cy<19>)
     MUXCY:CI->O           1   0.023   0.000  Mcount_Output0_cy<20> (Mcount_Output0_cy<20>)
     MUXCY:CI->O           1   0.023   0.000  Mcount_Output0_cy<21> (Mcount_Output0_cy<21>)
     MUXCY:CI->O           1   0.023   0.000  Mcount_Output0_cy<22> (Mcount_Output0_cy<22>)
     MUXCY:CI->O           1   0.023   0.000  Mcount_Output0_cy<23> (Mcount_Output0_cy<23>)
     MUXCY:CI->O           1   0.023   0.000  Mcount_Output0_cy<24> (Mcount_Output0_cy<24>)
     MUXCY:CI->O           1   0.023   0.000  Mcount_Output0_cy<25> (Mcount_Output0_cy<25>)
     MUXCY:CI->O           1   0.023   0.000  Mcount_Output0_cy<26> (Mcount_Output0_cy<26>)
     MUXCY:CI->O           1   0.023   0.000  Mcount_Output0_cy<27> (Mcount_Output0_cy<27>)
     MUXCY:CI->O           1   0.023   0.000  Mcount_Output0_cy<28> (Mcount_Output0_cy<28>)
     MUXCY:CI->O           1   0.023   0.000  Mcount_Output0_cy<29> (Mcount_Output0_cy<29>)
     MUXCY:CI->O           1   0.023   0.000  Mcount_Output0_cy<30> (Mcount_Output0_cy<30>)
     MUXCY:CI->O           1   0.023   0.000  Mcount_Output0_cy<31> (Mcount_Output0_cy<31>)
     MUXCY:CI->O           1   0.023   0.000  Mcount_Output0_cy<32> (Mcount_Output0_cy<32>)
     MUXCY:CI->O           1   0.023   0.000  Mcount_Output0_cy<33> (Mcount_Output0_cy<33>)
     MUXCY:CI->O           1   0.023   0.000  Mcount_Output0_cy<34> (Mcount_Output0_cy<34>)
     MUXCY:CI->O           1   0.023   0.000  Mcount_Output0_cy<35> (Mcount_Output0_cy<35>)
     MUXCY:CI->O           1   0.023   0.000  Mcount_Output0_cy<36> (Mcount_Output0_cy<36>)
     MUXCY:CI->O           1   0.023   0.000  Mcount_Output0_cy<37> (Mcount_Output0_cy<37>)
     MUXCY:CI->O           1   0.023   0.000  Mcount_Output0_cy<38> (Mcount_Output0_cy<38>)
     MUXCY:CI->O           1   0.023   0.000  Mcount_Output0_cy<39> (Mcount_Output0_cy<39>)
     MUXCY:CI->O           1   0.023   0.000  Mcount_Output0_cy<40> (Mcount_Output0_cy<40>)
     MUXCY:CI->O           1   0.023   0.000  Mcount_Output0_cy<41> (Mcount_Output0_cy<41>)
     MUXCY:CI->O           1   0.023   0.000  Mcount_Output0_cy<42> (Mcount_Output0_cy<42>)
     MUXCY:CI->O           1   0.023   0.000  Mcount_Output0_cy<43> (Mcount_Output0_cy<43>)
     MUXCY:CI->O           1   0.023   0.000  Mcount_Output0_cy<44> (Mcount_Output0_cy<44>)
     MUXCY:CI->O           1   0.023   0.000  Mcount_Output0_cy<45> (Mcount_Output0_cy<45>)
     MUXCY:CI->O           1   0.023   0.000  Mcount_Output0_cy<46> (Mcount_Output0_cy<46>)
     MUXCY:CI->O           1   0.023   0.000  Mcount_Output0_cy<47> (Mcount_Output0_cy<47>)
     MUXCY:CI->O           1   0.023   0.000  Mcount_Output0_cy<48> (Mcount_Output0_cy<48>)
     MUXCY:CI->O           1   0.023   0.000  Mcount_Output0_cy<49> (Mcount_Output0_cy<49>)
     MUXCY:CI->O           1   0.023   0.000  Mcount_Output0_cy<50> (Mcount_Output0_cy<50>)
     MUXCY:CI->O           1   0.023   0.000  Mcount_Output0_cy<51> (Mcount_Output0_cy<51>)
     MUXCY:CI->O           1   0.023   0.000  Mcount_Output0_cy<52> (Mcount_Output0_cy<52>)
     MUXCY:CI->O           1   0.023   0.000  Mcount_Output0_cy<53> (Mcount_Output0_cy<53>)
     MUXCY:CI->O           1   0.023   0.000  Mcount_Output0_cy<54> (Mcount_Output0_cy<54>)
     MUXCY:CI->O           1   0.023   0.000  Mcount_Output0_cy<55> (Mcount_Output0_cy<55>)
     MUXCY:CI->O           1   0.023   0.000  Mcount_Output0_cy<56> (Mcount_Output0_cy<56>)
     MUXCY:CI->O           1   0.023   0.000  Mcount_Output0_cy<57> (Mcount_Output0_cy<57>)
     MUXCY:CI->O           1   0.023   0.000  Mcount_Output0_cy<58> (Mcount_Output0_cy<58>)
     MUXCY:CI->O           1   0.023   0.000  Mcount_Output0_cy<59> (Mcount_Output0_cy<59>)
     MUXCY:CI->O           1   0.023   0.000  Mcount_Output0_cy<60> (Mcount_Output0_cy<60>)
     MUXCY:CI->O           1   0.023   0.000  Mcount_Output0_cy<61> (Mcount_Output0_cy<61>)
     MUXCY:CI->O           0   0.023   0.000  Mcount_Output0_cy<62> (Mcount_Output0_cy<62>)
     XORCY:CI->O           1   0.206   0.000  Mcount_Output0_xor<63> (Result<63>)
     FDCE:D                    0.074          Output0_63
    ----------------------------------------
    Total                      3.442ns (2.717ns logic, 0.725ns route)
                                       (78.9% logic, 21.1% route)

=========================================================================
Timing constraint: Default OFFSET IN BEFORE for Clock 'Clk'
  Total number of paths / destination ports: 260 / 132
-------------------------------------------------------------------------
Offset:              4.643ns (Levels of Logic = 2)
  Source:            En (PAD)
  Destination:       Output0_0 (FF)
  Destination Clock: Clk rising

  Data Path: En to Output0_0
                                Gate     Net
    Cell:in->out      fanout   Delay   Delay  Logical Name (Net Name)
    ----------------------------------------  ------------
     IBUF:I->O             2   1.328   0.834  En_IBUF (En_IBUF)
     LUT2:I0->O           64   0.250   1.929  _n0027_inv1 (_n0027_inv)
     FDCE:CE                   0.302          Output0_0
    ----------------------------------------
    Total                      4.643ns (1.880ns logic, 2.763ns route)
                                       (40.5% logic, 59.5% route)

=========================================================================
Timing constraint: Default OFFSET OUT AFTER for Clock 'Clk'
  Total number of paths / destination ports: 128 / 128
-------------------------------------------------------------------------
Offset:              4.162ns (Levels of Logic = 1)
  Source:            Output0_63 (FF)
  Destination:       Output0<63> (PAD)
  Source Clock:      Clk rising

  Data Path: Output0_63 to Output0<63>
                                Gate     Net
    Cell:in->out      fanout   Delay   Delay  Logical Name (Net Name)
    ----------------------------------------  ------------
     FDCE:C->Q             2   0.525   0.725  Output0_63 (Output0_63)
     OBUF:I->O                 2.912          Output0_63_OBUF (Output0<63>)
    ----------------------------------------
    Total                      4.162ns (3.437ns logic, 0.725ns route)
                                       (82.6% logic, 17.4% route)

=========================================================================

Cross Clock Domains Report:
--------------------------

Clock to Setup on destination clock Clk
---------------+---------+---------+---------+---------+
               | Src:Rise| Src:Fall| Src:Rise| Src:Fall|
Source Clock   |Dest:Rise|Dest:Rise|Dest:Fall|Dest:Fall|
---------------+---------+---------+---------+---------+
Clk            |    3.442|         |         |         |
---------------+---------+---------+---------+---------+

=========================================================================


Total REAL time to Xst completion: 6.00 secs
Total CPU time to Xst completion: 5.85 secs
 
--> 

Total memory usage is 249932 kilobytes

Number of errors   :    0 (   0 filtered)
Number of warnings :    0 (   0 filtered)
Number of infos    :    0 (   0 filtered)

